2024-07-26 10:54:59.408  INFO 3432 --- [restartedMain] pl.codeleak.demos.sbt.Application        : Starting Application using Java 17.0.10 on LENOVOTHINKPAD with PID 3432 (D:\IntelliJ IDEA\Coffee_Shop_Project\Group4_CoffeeShopManagementSystem\target\classes started by minh1 in D:\IntelliJ IDEA\Coffee_Shop_Project\Group4_CoffeeShopManagementSystem)
2024-07-26 10:54:59.418  INFO 3432 --- [restartedMain] pl.codeleak.demos.sbt.Application        : No active profile set, falling back to default profiles: default
2024-07-26 10:54:59.781  INFO 3432 --- [restartedMain] .e.DevToolsPropertyDefaultsPostProcessor : Devtools property defaults active! Set 'spring.devtools.add-properties' to 'false' to disable
2024-07-26 10:54:59.781  INFO 3432 --- [restartedMain] .e.DevToolsPropertyDefaultsPostProcessor : For additional web related logging consider setting the 'logging.level.web' property to 'DEBUG'
2024-07-26 10:55:00.732  INFO 3432 --- [restartedMain] .s.d.r.c.RepositoryConfigurationDelegate : Bootstrapping Spring Data JPA repositories in DEFAULT mode.
2024-07-26 10:55:00.814  INFO 3432 --- [restartedMain] .s.d.r.c.RepositoryConfigurationDelegate : Finished Spring Data repository scanning in 66 ms. Found 6 JPA repository interfaces.
2024-07-26 10:55:01.505  INFO 3432 --- [restartedMain] o.s.b.w.embedded.tomcat.TomcatWebServer  : Tomcat initialized with port(s): 8080 (http)
2024-07-26 10:55:01.520  INFO 3432 --- [restartedMain] o.apache.catalina.core.StandardService   : Starting service [Tomcat]
2024-07-26 10:55:01.520  INFO 3432 --- [restartedMain] org.apache.catalina.core.StandardEngine  : Starting Servlet engine: [Apache Tomcat/9.0.45]
2024-07-26 10:55:01.622  INFO 3432 --- [restartedMain] o.a.c.c.C.[Tomcat].[localhost].[/]       : Initializing Spring embedded WebApplicationContext
2024-07-26 10:55:01.622  INFO 3432 --- [restartedMain] w.s.c.ServletWebServerApplicationContext : Root WebApplicationContext: initialization completed in 1841 ms
2024-07-26 10:55:01.924  INFO 3432 --- [restartedMain] com.zaxxer.hikari.HikariDataSource       : HikariPool-1 - Starting...
2024-07-26 10:55:02.407  INFO 3432 --- [restartedMain] com.zaxxer.hikari.HikariDataSource       : HikariPool-1 - Start completed.
2024-07-26 10:55:02.468  INFO 3432 --- [restartedMain] o.hibernate.jpa.internal.util.LogHelper  : HHH000204: Processing PersistenceUnitInfo [name: default]
2024-07-26 10:55:02.535  INFO 3432 --- [restartedMain] org.hibernate.Version                    : HHH000412: Hibernate ORM core version 5.4.30.Final
2024-07-26 10:55:02.710  INFO 3432 --- [restartedMain] o.hibernate.annotations.common.Version   : HCANN000001: Hibernate Commons Annotations {5.1.2.Final}
2024-07-26 10:55:02.822  INFO 3432 --- [restartedMain] org.hibernate.dialect.Dialect            : HHH000400: Using dialect: org.hibernate.dialect.SQLServer2012Dialect
2024-07-26 10:55:03.593  INFO 3432 --- [restartedMain] o.h.e.t.j.p.i.JtaPlatformInitiator       : HHH000490: Using JtaPlatform implementation: [org.hibernate.engine.transaction.jta.platform.internal.NoJtaPlatform]
2024-07-26 10:55:03.604  INFO 3432 --- [restartedMain] j.LocalContainerEntityManagerFactoryBean : Initialized JPA EntityManagerFactory for persistence unit 'default'
2024-07-26 10:55:03.680  WARN 3432 --- [restartedMain] JpaBaseConfiguration$JpaWebConfiguration : spring.jpa.open-in-view is enabled by default. Therefore, database queries may be performed during view rendering. Explicitly configure spring.jpa.open-in-view to disable this warning
2024-07-26 10:55:04.392  INFO 3432 --- [restartedMain] o.s.s.web.DefaultSecurityFilterChain     : Will secure any request with [org.springframework.security.web.context.request.async.WebAsyncManagerIntegrationFilter@146f6ed7, org.springframework.security.web.context.SecurityContextPersistenceFilter@3386da4d, org.springframework.security.web.header.HeaderWriterFilter@62cd511e, org.springframework.security.web.csrf.CsrfFilter@638cb0c6, org.springframework.security.web.authentication.logout.LogoutFilter@15dd5590, org.springframework.security.web.authentication.UsernamePasswordAuthenticationFilter@25660cd8, org.springframework.security.web.savedrequest.RequestCacheAwareFilter@336345a9, org.springframework.security.web.servletapi.SecurityContextHolderAwareRequestFilter@4de84cd, org.springframework.security.web.authentication.AnonymousAuthenticationFilter@3519778c, org.springframework.security.web.session.SessionManagementFilter@6717bfe5, org.springframework.security.web.access.ExceptionTranslationFilter@17f961c1, org.springframework.security.web.access.intercept.FilterSecurityInterceptor@71e42db4]
2024-07-26 10:55:04.494  INFO 3432 --- [restartedMain] o.s.s.concurrent.ThreadPoolTaskExecutor  : Initializing ExecutorService 'applicationTaskExecutor'
2024-07-26 10:55:04.571  INFO 3432 --- [restartedMain] o.s.b.a.w.s.WelcomePageHandlerMapping    : Adding welcome page template: index
2024-07-26 10:55:05.417  INFO 3432 --- [restartedMain] o.s.b.d.a.OptionalLiveReloadServer       : LiveReload server is running on port 35729
2024-07-26 10:55:05.425  INFO 3432 --- [restartedMain] o.s.b.a.e.web.EndpointLinksResolver      : Exposing 14 endpoint(s) beneath base path ''
2024-07-26 10:55:05.485  INFO 3432 --- [restartedMain] o.s.b.w.embedded.tomcat.TomcatWebServer  : Tomcat started on port(s): 8080 (http) with context path ''
2024-07-26 10:55:05.510  INFO 3432 --- [restartedMain] pl.codeleak.demos.sbt.Application        : Started Application in 6.637 seconds (JVM running for 7.919)
2024-07-26 10:55:06.043  INFO 3432 --- [RMI TCP Connection(2)-192.168.131.13] o.a.c.c.C.[Tomcat].[localhost].[/]       : Initializing Spring DispatcherServlet 'dispatcherServlet'
2024-07-26 10:55:06.043  INFO 3432 --- [RMI TCP Connection(2)-192.168.131.13] o.s.web.servlet.DispatcherServlet        : Initializing Servlet 'dispatcherServlet'
2024-07-26 10:55:06.045  INFO 3432 --- [RMI TCP Connection(2)-192.168.131.13] o.s.web.servlet.DispatcherServlet        : Completed initialization in 2 ms
